<?xml version="1.0" encoding="UTF-8"?>
<Site BuildName="Linux-c++"
	BuildStamp="20260507-0115-Experimental"
	Name="indie3"
	Generator="ctest-3.28.3"
	CompilerName="/usr/bin/c++"
	CompilerVersion="13.3.0"
	OSName="Linux"
	Hostname="indie3"
	OSRelease="6.17.0-23-generic"
	OSVersion="#23~24.04.1-Ubuntu SMP PREEMPT_DYNAMIC Tue Apr 14 16:11:48 UTC 2"
	OSPlatform="x86_64"
	Is64Bits="1"
	VendorString="GenuineIntel"
	VendorID="Intel Corporation"
	FamilyID="6"
	ModelID="158"
	ProcessorCacheSize="12288"
	NumberOfLogicalCPU="8"
	NumberOfPhysicalCPU="8"
	TotalVirtualMemory="4095"
	TotalPhysicalMemory="15921"
	LogicalProcessorsPerPhysical="1"
	ProcessorClockFrequency="4000"
	>
	<Testing>
		<StartDateTime>May 07 01:17 UTC</StartDateTime>
		<StartTestTime>1778116647</StartTestTime>
		<TestList/>
		<EndDateTime>May 07 01:17 UTC</EndDateTime>
		<EndTestTime>1778116647</EndTestTime>
		<ElapsedMinutes>0</ElapsedMinutes>
	</Testing>
</Site>
